This is pdfTeX, Version 3.14159265-2.6-1.40.20 (TeX Live 2019) (preloaded format=pdflatex 2022.7.24)  30 DEC 2022 12:42
entering extended mode
 restricted \write18 enabled.
 %&-line parsing enabled.
**tmp.tex
(./tmp.tex
LaTeX2e <2018-12-01>
(/usr/share/texlive/texmf-dist/tex/latex/base/article.cls
Document Class: article 2018/09/03 v1.4i Standard LaTeX document class
(/usr/share/texlive/texmf-dist/tex/latex/base/size10.clo
File: size10.clo 2018/09/03 v1.4i Standard LaTeX file (size option)
)
\c@part=\count80
\c@section=\count81
\c@subsection=\count82
\c@subsubsection=\count83
\c@paragraph=\count84
\c@subparagraph=\count85
\c@figure=\count86
\c@table=\count87
\abovecaptionskip=\skip41
\belowcaptionskip=\skip42
\bibindent=\dimen102
)
(/usr/share/texlive/texmf-dist/tex/latex/pgf/frontendlayer/tikz.sty
(/usr/share/texlive/texmf-dist/tex/latex/pgf/basiclayer/pgf.sty
(/usr/share/texlive/texmf-dist/tex/latex/pgf/utilities/pgfrcs.sty
(/usr/share/texlive/texmf-dist/tex/generic/pgf/utilities/pgfutil-common.tex
\pgfutil@everybye=\toks14
\pgfutil@tempdima=\dimen103
\pgfutil@tempdimb=\dimen104

(/usr/share/texlive/texmf-dist/tex/generic/pgf/utilities/pgfutil-common-lists.t
ex)) (/usr/share/texlive/texmf-dist/tex/generic/pgf/utilities/pgfutil-latex.def
\pgfutil@abb=\box27
(/usr/share/texlive/texmf-dist/tex/latex/ms/everyshi.sty
Package: everyshi 2001/05/15 v3.00 EveryShipout Package (MS)
))
(/usr/share/texlive/texmf-dist/tex/generic/pgf/utilities/pgfrcs.code.tex
(/usr/share/texlive/texmf-dist/tex/generic/pgf/pgf.revision.tex)
Package: pgfrcs 2019/08/03 v3.1.4b (3.1.4b)
))
Package: pgf 2019/08/03 v3.1.4b (3.1.4b)

(/usr/share/texlive/texmf-dist/tex/latex/pgf/basiclayer/pgfcore.sty
(/usr/share/texlive/texmf-dist/tex/latex/graphics/graphicx.sty
Package: graphicx 2017/06/01 v1.1a Enhanced LaTeX Graphics (DPC,SPQR)

(/usr/share/texlive/texmf-dist/tex/latex/graphics/keyval.sty
Package: keyval 2014/10/28 v1.15 key=value parser (DPC)
\KV@toks@=\toks15
)
(/usr/share/texlive/texmf-dist/tex/latex/graphics/graphics.sty
Package: graphics 2017/06/25 v1.2c Standard LaTeX Graphics (DPC,SPQR)

(/usr/share/texlive/texmf-dist/tex/latex/graphics/trig.sty
Package: trig 2016/01/03 v1.10 sin cos tan (DPC)
)
(/usr/share/texlive/texmf-dist/tex/latex/graphics-cfg/graphics.cfg
File: graphics.cfg 2016/06/04 v1.11 sample graphics configuration
)
Package graphics Info: Driver file: pdftex.def on input line 99.

(/usr/share/texlive/texmf-dist/tex/latex/graphics-def/pdftex.def
File: pdftex.def 2018/01/08 v1.0l Graphics/color driver for pdftex
))
\Gin@req@height=\dimen105
\Gin@req@width=\dimen106
)
(/usr/share/texlive/texmf-dist/tex/latex/pgf/systemlayer/pgfsys.sty
(/usr/share/texlive/texmf-dist/tex/generic/pgf/systemlayer/pgfsys.code.tex
Package: pgfsys 2019/08/03 v3.1.4b (3.1.4b)

(/usr/share/texlive/texmf-dist/tex/generic/pgf/utilities/pgfkeys.code.tex
\pgfkeys@pathtoks=\toks16
\pgfkeys@temptoks=\toks17

(/usr/share/texlive/texmf-dist/tex/generic/pgf/utilities/pgfkeysfiltered.code.t
ex
\pgfkeys@tmptoks=\toks18
))
\pgf@x=\dimen107
\pgf@y=\dimen108
\pgf@xa=\dimen109
\pgf@ya=\dimen110
\pgf@xb=\dimen111
\pgf@yb=\dimen112
\pgf@xc=\dimen113
\pgf@yc=\dimen114
\pgf@xd=\dimen115
\pgf@yd=\dimen116
\w@pgf@writea=\write3
\r@pgf@reada=\read1
\c@pgf@counta=\count88
\c@pgf@countb=\count89
\c@pgf@countc=\count90
\c@pgf@countd=\count91
\t@pgf@toka=\toks19
\t@pgf@tokb=\toks20
\t@pgf@tokc=\toks21
\pgf@sys@id@count=\count92
 (/usr/share/texlive/texmf-dist/tex/generic/pgf/systemlayer/pgf.cfg
File: pgf.cfg 2019/08/03 v3.1.4b (3.1.4b)
)
Driver file for pgf: pgfsys-pdftex.def

(/usr/share/texlive/texmf-dist/tex/generic/pgf/systemlayer/pgfsys-pdftex.def
File: pgfsys-pdftex.def 2019/08/03 v3.1.4b (3.1.4b)

(/usr/share/texlive/texmf-dist/tex/generic/pgf/systemlayer/pgfsys-common-pdf.de
f
File: pgfsys-common-pdf.def 2019/08/03 v3.1.4b (3.1.4b)
)))
(/usr/share/texlive/texmf-dist/tex/generic/pgf/systemlayer/pgfsyssoftpath.code.
tex
File: pgfsyssoftpath.code.tex 2019/08/03 v3.1.4b (3.1.4b)
\pgfsyssoftpath@smallbuffer@items=\count93
\pgfsyssoftpath@bigbuffer@items=\count94
)
(/usr/share/texlive/texmf-dist/tex/generic/pgf/systemlayer/pgfsysprotocol.code.
tex
File: pgfsysprotocol.code.tex 2019/08/03 v3.1.4b (3.1.4b)
)) (/usr/share/texlive/texmf-dist/tex/latex/xcolor/xcolor.sty
Package: xcolor 2016/05/11 v2.12 LaTeX color extensions (UK)

(/usr/share/texlive/texmf-dist/tex/latex/graphics-cfg/color.cfg
File: color.cfg 2016/01/02 v1.6 sample color configuration
)
Package xcolor Info: Driver file: pdftex.def on input line 225.
Package xcolor Info: Model `cmy' substituted by `cmy0' on input line 1348.
Package xcolor Info: Model `hsb' substituted by `rgb' on input line 1352.
Package xcolor Info: Model `RGB' extended on input line 1364.
Package xcolor Info: Model `HTML' substituted by `rgb' on input line 1366.
Package xcolor Info: Model `Hsb' substituted by `hsb' on input line 1367.
Package xcolor Info: Model `tHsb' substituted by `hsb' on input line 1368.
Package xcolor Info: Model `HSB' substituted by `hsb' on input line 1369.
Package xcolor Info: Model `Gray' substituted by `gray' on input line 1370.
Package xcolor Info: Model `wave' substituted by `hsb' on input line 1371.
)
(/usr/share/texlive/texmf-dist/tex/generic/pgf/basiclayer/pgfcore.code.tex
Package: pgfcore 2019/08/03 v3.1.4b (3.1.4b)

(/usr/share/texlive/texmf-dist/tex/generic/pgf/math/pgfmath.code.tex
(/usr/share/texlive/texmf-dist/tex/generic/pgf/math/pgfmathcalc.code.tex
(/usr/share/texlive/texmf-dist/tex/generic/pgf/math/pgfmathutil.code.tex)
(/usr/share/texlive/texmf-dist/tex/generic/pgf/math/pgfmathparser.code.tex
\pgfmath@dimen=\dimen117
\pgfmath@count=\count95
\pgfmath@box=\box28
\pgfmath@toks=\toks22
\pgfmath@stack@operand=\toks23
\pgfmath@stack@operation=\toks24
)
(/usr/share/texlive/texmf-dist/tex/generic/pgf/math/pgfmathfunctions.code.tex
(/usr/share/texlive/texmf-dist/tex/generic/pgf/math/pgfmathfunctions.basic.code
.tex)
(/usr/share/texlive/texmf-dist/tex/generic/pgf/math/pgfmathfunctions.trigonomet
ric.code.tex)
(/usr/share/texlive/texmf-dist/tex/generic/pgf/math/pgfmathfunctions.random.cod
e.tex)
(/usr/share/texlive/texmf-dist/tex/generic/pgf/math/pgfmathfunctions.comparison
.code.tex)
(/usr/share/texlive/texmf-dist/tex/generic/pgf/math/pgfmathfunctions.base.code.
tex)
(/usr/share/texlive/texmf-dist/tex/generic/pgf/math/pgfmathfunctions.round.code
.tex)
(/usr/share/texlive/texmf-dist/tex/generic/pgf/math/pgfmathfunctions.misc.code.
tex)
(/usr/share/texlive/texmf-dist/tex/generic/pgf/math/pgfmathfunctions.integerari
thmetics.code.tex)))
(/usr/share/texlive/texmf-dist/tex/generic/pgf/math/pgfmathfloat.code.tex
\c@pgfmathroundto@lastzeros=\count96
))
(/usr/share/texlive/texmf-dist/tex/generic/pgf/math/pgfint.code.tex)
(/usr/share/texlive/texmf-dist/tex/generic/pgf/basiclayer/pgfcorepoints.code.te
x
File: pgfcorepoints.code.tex 2019/08/03 v3.1.4b (3.1.4b)
\pgf@picminx=\dimen118
\pgf@picmaxx=\dimen119
\pgf@picminy=\dimen120
\pgf@picmaxy=\dimen121
\pgf@pathminx=\dimen122
\pgf@pathmaxx=\dimen123
\pgf@pathminy=\dimen124
\pgf@pathmaxy=\dimen125
\pgf@xx=\dimen126
\pgf@xy=\dimen127
\pgf@yx=\dimen128
\pgf@yy=\dimen129
\pgf@zx=\dimen130
\pgf@zy=\dimen131
)
(/usr/share/texlive/texmf-dist/tex/generic/pgf/basiclayer/pgfcorepathconstruct.
code.tex
File: pgfcorepathconstruct.code.tex 2019/08/03 v3.1.4b (3.1.4b)
\pgf@path@lastx=\dimen132
\pgf@path@lasty=\dimen133
)
(/usr/share/texlive/texmf-dist/tex/generic/pgf/basiclayer/pgfcorepathusage.code
.tex
File: pgfcorepathusage.code.tex 2019/08/03 v3.1.4b (3.1.4b)
\pgf@shorten@end@additional=\dimen134
\pgf@shorten@start@additional=\dimen135
)
(/usr/share/texlive/texmf-dist/tex/generic/pgf/basiclayer/pgfcorescopes.code.te
x
File: pgfcorescopes.code.tex 2019/08/03 v3.1.4b (3.1.4b)
\pgfpic=\box29
\pgf@hbox=\box30
\pgf@layerbox@main=\box31
\pgf@picture@serial@count=\count97
)
(/usr/share/texlive/texmf-dist/tex/generic/pgf/basiclayer/pgfcoregraphicstate.c
ode.tex
File: pgfcoregraphicstate.code.tex 2019/08/03 v3.1.4b (3.1.4b)
\pgflinewidth=\dimen136
)
(/usr/share/texlive/texmf-dist/tex/generic/pgf/basiclayer/pgfcoretransformation
s.code.tex
File: pgfcoretransformations.code.tex 2019/08/03 v3.1.4b (3.1.4b)
\pgf@pt@x=\dimen137
\pgf@pt@y=\dimen138
\pgf@pt@temp=\dimen139
)
(/usr/share/texlive/texmf-dist/tex/generic/pgf/basiclayer/pgfcorequick.code.tex
File: pgfcorequick.code.tex 2019/08/03 v3.1.4b (3.1.4b)
)
(/usr/share/texlive/texmf-dist/tex/generic/pgf/basiclayer/pgfcoreobjects.code.t
ex
File: pgfcoreobjects.code.tex 2019/08/03 v3.1.4b (3.1.4b)
)
(/usr/share/texlive/texmf-dist/tex/generic/pgf/basiclayer/pgfcorepathprocessing
.code.tex
File: pgfcorepathprocessing.code.tex 2019/08/03 v3.1.4b (3.1.4b)
)
(/usr/share/texlive/texmf-dist/tex/generic/pgf/basiclayer/pgfcorearrows.code.te
x
File: pgfcorearrows.code.tex 2019/08/03 v3.1.4b (3.1.4b)
\pgfarrowsep=\dimen140
)
(/usr/share/texlive/texmf-dist/tex/generic/pgf/basiclayer/pgfcoreshade.code.tex
File: pgfcoreshade.code.tex 2019/08/03 v3.1.4b (3.1.4b)
\pgf@max=\dimen141
\pgf@sys@shading@range@num=\count98
\pgf@shadingcount=\count99
)
(/usr/share/texlive/texmf-dist/tex/generic/pgf/basiclayer/pgfcoreimage.code.tex
File: pgfcoreimage.code.tex 2019/08/03 v3.1.4b (3.1.4b)

(/usr/share/texlive/texmf-dist/tex/generic/pgf/basiclayer/pgfcoreexternal.code.
tex
File: pgfcoreexternal.code.tex 2019/08/03 v3.1.4b (3.1.4b)
\pgfexternal@startupbox=\box32
))
(/usr/share/texlive/texmf-dist/tex/generic/pgf/basiclayer/pgfcorelayers.code.te
x
File: pgfcorelayers.code.tex 2019/08/03 v3.1.4b (3.1.4b)
)
(/usr/share/texlive/texmf-dist/tex/generic/pgf/basiclayer/pgfcoretransparency.c
ode.tex
File: pgfcoretransparency.code.tex 2019/08/03 v3.1.4b (3.1.4b)
)
(/usr/share/texlive/texmf-dist/tex/generic/pgf/basiclayer/pgfcorepatterns.code.
tex
File: pgfcorepatterns.code.tex 2019/08/03 v3.1.4b (3.1.4b)
)
(/usr/share/texlive/texmf-dist/tex/generic/pgf/basiclayer/pgfcorerdf.code.tex
File: pgfcorerdf.code.tex 2019/08/03 v3.1.4b (3.1.4b)
)))
(/usr/share/texlive/texmf-dist/tex/generic/pgf/modules/pgfmoduleshapes.code.tex
File: pgfmoduleshapes.code.tex 2019/08/03 v3.1.4b (3.1.4b)
\pgfnodeparttextbox=\box33
) (/usr/share/texlive/texmf-dist/tex/generic/pgf/modules/pgfmoduleplot.code.tex
File: pgfmoduleplot.code.tex 2019/08/03 v3.1.4b (3.1.4b)
)
(/usr/share/texlive/texmf-dist/tex/latex/pgf/compatibility/pgfcomp-version-0-65
.sty
Package: pgfcomp-version-0-65 2019/08/03 v3.1.4b (3.1.4b)
\pgf@nodesepstart=\dimen142
\pgf@nodesepend=\dimen143
)
(/usr/share/texlive/texmf-dist/tex/latex/pgf/compatibility/pgfcomp-version-1-18
.sty
Package: pgfcomp-version-1-18 2019/08/03 v3.1.4b (3.1.4b)
)) (/usr/share/texlive/texmf-dist/tex/latex/pgf/utilities/pgffor.sty
(/usr/share/texlive/texmf-dist/tex/latex/pgf/utilities/pgfkeys.sty
(/usr/share/texlive/texmf-dist/tex/generic/pgf/utilities/pgfkeys.code.tex))
(/usr/share/texlive/texmf-dist/tex/latex/pgf/math/pgfmath.sty
(/usr/share/texlive/texmf-dist/tex/generic/pgf/math/pgfmath.code.tex))
(/usr/share/texlive/texmf-dist/tex/generic/pgf/utilities/pgffor.code.tex
Package: pgffor 2019/08/03 v3.1.4b (3.1.4b)

(/usr/share/texlive/texmf-dist/tex/generic/pgf/math/pgfmath.code.tex)
\pgffor@iter=\dimen144
\pgffor@skip=\dimen145
\pgffor@stack=\toks25
\pgffor@toks=\toks26
))
(/usr/share/texlive/texmf-dist/tex/generic/pgf/frontendlayer/tikz/tikz.code.tex
Package: tikz 2019/08/03 v3.1.4b (3.1.4b)

(/usr/share/texlive/texmf-dist/tex/generic/pgf/libraries/pgflibraryplothandlers
.code.tex
File: pgflibraryplothandlers.code.tex 2019/08/03 v3.1.4b (3.1.4b)
\pgf@plot@mark@count=\count100
\pgfplotmarksize=\dimen146
)
\tikz@lastx=\dimen147
\tikz@lasty=\dimen148
\tikz@lastxsaved=\dimen149
\tikz@lastysaved=\dimen150
\tikz@lastmovetox=\dimen151
\tikz@lastmovetoy=\dimen152
\tikzleveldistance=\dimen153
\tikzsiblingdistance=\dimen154
\tikz@figbox=\box34
\tikz@figbox@bg=\box35
\tikz@tempbox=\box36
\tikz@tempbox@bg=\box37
\tikztreelevel=\count101
\tikznumberofchildren=\count102
\tikznumberofcurrentchild=\count103
\tikz@fig@count=\count104

(/usr/share/texlive/texmf-dist/tex/generic/pgf/modules/pgfmodulematrix.code.tex
File: pgfmodulematrix.code.tex 2019/08/03 v3.1.4b (3.1.4b)
\pgfmatrixcurrentrow=\count105
\pgfmatrixcurrentcolumn=\count106
\pgf@matrix@numberofcolumns=\count107
)
\tikz@expandcount=\count108

(/usr/share/texlive/texmf-dist/tex/generic/pgf/frontendlayer/tikz/libraries/tik
zlibrarytopaths.code.tex
File: tikzlibrarytopaths.code.tex 2019/08/03 v3.1.4b (3.1.4b)
)))
(/usr/share/texlive/texmf-dist/tex/latex/pdfpages/pdfpages.sty
Package: pdfpages 2017/10/31 v0.5l Insert pages of external PDF documents (AM)

(/usr/share/texlive/texmf-dist/tex/latex/base/ifthen.sty
Package: ifthen 2014/09/29 v1.1c Standard LaTeX ifthen package (DPC)
)
(/usr/share/texlive/texmf-dist/tex/latex/tools/calc.sty
Package: calc 2017/05/25 v4.3 Infix arithmetic (KKT,FJ)
\calc@Acount=\count109
\calc@Bcount=\count110
\calc@Adimen=\dimen155
\calc@Bdimen=\dimen156
\calc@Askip=\skip43
\calc@Bskip=\skip44
LaTeX Info: Redefining \setlength on input line 80.
LaTeX Info: Redefining \addtolength on input line 81.
\calc@Ccount=\count111
\calc@Cskip=\skip45
)
(/usr/share/texlive/texmf-dist/tex/latex/eso-pic/eso-pic.sty
Package: eso-pic 2018/04/12 v2.0h eso-pic (RN)

(/usr/share/texlive/texmf-dist/tex/generic/oberdiek/atbegshi.sty
Package: atbegshi 2016/06/09 v1.18 At begin shipout hook (HO)

(/usr/share/texlive/texmf-dist/tex/generic/oberdiek/infwarerr.sty
Package: infwarerr 2016/05/16 v1.4 Providing info/warning/error messages (HO)
)
(/usr/share/texlive/texmf-dist/tex/generic/oberdiek/ltxcmds.sty
Package: ltxcmds 2016/05/16 v1.23 LaTeX kernel commands for general use (HO)
)
(/usr/share/texlive/texmf-dist/tex/generic/oberdiek/ifpdf.sty
Package: ifpdf 2018/09/07 v3.3 Provides the ifpdf switch
)))
\AM@pagewidth=\dimen157
\AM@pageheight=\dimen158

(/usr/share/texlive/texmf-dist/tex/latex/pdfpages/pppdftex.def
File: pppdftex.def 2017/10/31 v0.5l Pdfpages driver for pdfTeX (AM)
)
\AM@pagebox=\box38
\AM@global@opts=\toks27
\AM@toc@title=\toks28
\c@AM@survey=\count112
\AM@templatesizebox=\box39
) (./tmp.aux)
\openout1 = `tmp.aux'.

LaTeX Font Info:    Checking defaults for OML/cmm/m/it on input line 6.
LaTeX Font Info:    ... okay on input line 6.
LaTeX Font Info:    Checking defaults for T1/cmr/m/n on input line 6.
LaTeX Font Info:    ... okay on input line 6.
LaTeX Font Info:    Checking defaults for OT1/cmr/m/n on input line 6.
LaTeX Font Info:    ... okay on input line 6.
LaTeX Font Info:    Checking defaults for OMS/cmsy/m/n on input line 6.
LaTeX Font Info:    ... okay on input line 6.
LaTeX Font Info:    Checking defaults for OMX/cmex/m/n on input line 6.
LaTeX Font Info:    ... okay on input line 6.
LaTeX Font Info:    Checking defaults for U/cmr/m/n on input line 6.
LaTeX Font Info:    ... okay on input line 6.

ABD: EveryShipout initializing macros
(/usr/share/texlive/texmf-dist/tex/context/base/mkii/supp-pdf.mkii
[Loading MPS to PDF converter (version 2006.09.02).]
\scratchcounter=\count113
\scratchdimen=\dimen159
\scratchbox=\box40
\nofMPsegments=\count114
\nofMParguments=\count115
\everyMPshowfont=\toks29
\MPscratchCnt=\count116
\MPscratchDim=\dimen160
\MPnumerator=\count117
\makeMPintoPDFobject=\count118
\everyMPtoPDFconversion=\toks30
) (/usr/share/texlive/texmf-dist/tex/latex/oberdiek/epstopdf-base.sty
Package: epstopdf-base 2016/05/15 v2.6 Base part for package epstopdf

(/usr/share/texlive/texmf-dist/tex/latex/oberdiek/grfext.sty
Package: grfext 2016/05/16 v1.2 Manage graphics extensions (HO)

(/usr/share/texlive/texmf-dist/tex/generic/oberdiek/kvdefinekeys.sty
Package: kvdefinekeys 2016/05/16 v1.4 Define keys (HO)
))
(/usr/share/texlive/texmf-dist/tex/latex/oberdiek/kvoptions.sty
Package: kvoptions 2016/05/16 v3.12 Key value format for package options (HO)

(/usr/share/texlive/texmf-dist/tex/generic/oberdiek/kvsetkeys.sty
Package: kvsetkeys 2016/05/16 v1.17 Key value parser (HO)

(/usr/share/texlive/texmf-dist/tex/generic/oberdiek/etexcmds.sty
Package: etexcmds 2016/05/16 v1.6 Avoid name clashes with e-TeX commands (HO)

(/usr/share/texlive/texmf-dist/tex/generic/oberdiek/ifluatex.sty
Package: ifluatex 2016/05/16 v1.4 Provides the ifluatex switch (HO)
Package ifluatex Info: LuaTeX not detected.
))))
(/usr/share/texlive/texmf-dist/tex/generic/oberdiek/pdftexcmds.sty
Package: pdftexcmds 2018/09/10 v0.29 Utility functions of pdfTeX for LuaTeX (HO
)
Package pdftexcmds Info: LuaTeX not detected.
Package pdftexcmds Info: \pdf@primitive is available.
Package pdftexcmds Info: \pdf@ifprimitive is available.
Package pdftexcmds Info: \pdfdraftmode found.
)
Package epstopdf-base Info: Redefining graphics rule for `.eps' on input line 4
38.
Package grfext Info: Graphics extension search list:
(grfext)             [.pdf,.png,.jpg,.mps,.jpeg,.jbig2,.jb2,.PDF,.PNG,.JPG,.JPE
G,.JBIG2,.JB2,.eps]
(grfext)             \AppendGraphicsExtensions on input line 456.

(/usr/share/texlive/texmf-dist/tex/latex/latexconfig/epstopdf-sys.cfg
File: epstopdf-sys.cfg 2010/07/13 v1.3 Configuration of (r)epstopdf for TeX Liv
e
))
\AtBeginShipoutBox=\box41

(/usr/share/texlive/texmf-dist/tex/latex/oberdiek/pdflscape.sty
Package: pdflscape 2016/05/14 v0.11 Display of landscape pages in PDF (HO)

(/usr/share/texlive/texmf-dist/tex/latex/graphics/lscape.sty
Package: lscape 2000/10/22 v3.01 Landscape Pages (DPC)
)
Package pdflscape Info: Auto-detected driver: pdftex on input line 81.

(/usr/share/texlive/texmf-dist/tex/generic/ifxetex/ifxetex.sty
Package: ifxetex 2010/09/12 v0.6 Provides ifxetex conditional
))
<rach-16-04.pdf, id=4, 591.7518pt x 794.97pt>
File: rach-16-04.pdf Graphic file (type pdf)
<use rach-16-04.pdf>
Package pdftex.def Info: rach-16-04.pdf  used on input line 11.
(pdftex.def)             Requested size: 591.75035pt x 794.96806pt.
File: rach-16-04.pdf Graphic file (type pdf)
<use rach-16-04.pdf>
Package pdftex.def Info: rach-16-04.pdf  used on input line 11.
(pdftex.def)             Requested size: 591.75035pt x 794.96806pt.
<rach-16-04.pdf, id=7, page=1, 591.7518pt x 794.97pt>
File: rach-16-04.pdf Graphic file (type pdf)
<use rach-16-04.pdf, page 1>
Package pdftex.def Info: rach-16-04.pdf , page1 used on input line 11.
(pdftex.def)             Requested size: 591.75035pt x 794.96806pt.
File: rach-16-04.pdf Graphic file (type pdf)
<use rach-16-04.pdf, page 1>
Package pdftex.def Info: rach-16-04.pdf , page1 used on input line 11.
(pdftex.def)             Requested size: 592.46367pt x 795.92635pt.
File: rach-16-04.pdf Graphic file (type pdf)
<use rach-16-04.pdf, page 1>
Package pdftex.def Info: rach-16-04.pdf , page1 used on input line 11.
(pdftex.def)             Requested size: 592.46367pt x 795.92635pt.
File: rach-16-04.pdf Graphic file (type pdf)
<use rach-16-04.pdf, page 1>
Package pdftex.def Info: rach-16-04.pdf , page1 used on input line 11.
(pdftex.def)             Requested size: 592.46367pt x 795.92635pt.
File: rach-16-04.pdf Graphic file (type pdf)
<use rach-16-04.pdf, page 1>
Package pdftex.def Info: rach-16-04.pdf , page1 used on input line 11.
(pdftex.def)             Requested size: 592.46367pt x 795.92635pt.
 [1

{/usr/share/texlive/texmf-dist/fonts/map/pdftex/updmap/pdftex.map} <./rach-16-0
4.pdf>]
File: rach-16-04.pdf Graphic file (type pdf)
<use rach-16-04.pdf>
Package pdftex.def Info: rach-16-04.pdf  used on input line 15.
(pdftex.def)             Requested size: 591.75035pt x 794.96806pt.
File: rach-16-04.pdf Graphic file (type pdf)
<use rach-16-04.pdf>
Package pdftex.def Info: rach-16-04.pdf  used on input line 15.
(pdftex.def)             Requested size: 591.75035pt x 794.96806pt.
<rach-16-04.pdf, id=18, page=2, 591.7518pt x 794.97pt>
File: rach-16-04.pdf Graphic file (type pdf)
<use rach-16-04.pdf, page 2>
Package pdftex.def Info: rach-16-04.pdf , page2 used on input line 15.
(pdftex.def)             Requested size: 591.75035pt x 794.96806pt.
File: rach-16-04.pdf Graphic file (type pdf)
<use rach-16-04.pdf, page 2>
Package pdftex.def Info: rach-16-04.pdf , page2 used on input line 15.
(pdftex.def)             Requested size: 592.46367pt x 795.92635pt.
File: rach-16-04.pdf Graphic file (type pdf)
<use rach-16-04.pdf, page 2>
Package pdftex.def Info: rach-16-04.pdf , page2 used on input line 15.
(pdftex.def)             Requested size: 592.46367pt x 795.92635pt.
File: rach-16-04.pdf Graphic file (type pdf)
<use rach-16-04.pdf, page 2>
Package pdftex.def Info: rach-16-04.pdf , page2 used on input line 15.
(pdftex.def)             Requested size: 592.46367pt x 795.92635pt.
File: rach-16-04.pdf Graphic file (type pdf)
<use rach-16-04.pdf, page 2>
Package pdftex.def Info: rach-16-04.pdf , page2 used on input line 15.
(pdftex.def)             Requested size: 592.46367pt x 795.92635pt.

[2 <./rach-16-04.pdf>]
File: rach-16-04.pdf Graphic file (type pdf)
<use rach-16-04.pdf>
Package pdftex.def Info: rach-16-04.pdf  used on input line 19.
(pdftex.def)             Requested size: 591.75035pt x 794.96806pt.
File: rach-16-04.pdf Graphic file (type pdf)
<use rach-16-04.pdf>
Package pdftex.def Info: rach-16-04.pdf  used on input line 19.
(pdftex.def)             Requested size: 591.75035pt x 794.96806pt.
<rach-16-04.pdf, id=26, page=3, 591.7518pt x 794.97pt>
File: rach-16-04.pdf Graphic file (type pdf)
<use rach-16-04.pdf, page 3>
Package pdftex.def Info: rach-16-04.pdf , page3 used on input line 19.
(pdftex.def)             Requested size: 591.75035pt x 794.96806pt.
File: rach-16-04.pdf Graphic file (type pdf)
<use rach-16-04.pdf, page 3>
Package pdftex.def Info: rach-16-04.pdf , page3 used on input line 19.
(pdftex.def)             Requested size: 592.46367pt x 795.92635pt.
File: rach-16-04.pdf Graphic file (type pdf)
<use rach-16-04.pdf, page 3>
Package pdftex.def Info: rach-16-04.pdf , page3 used on input line 19.
(pdftex.def)             Requested size: 592.46367pt x 795.92635pt.
File: rach-16-04.pdf Graphic file (type pdf)
<use rach-16-04.pdf, page 3>
Package pdftex.def Info: rach-16-04.pdf , page3 used on input line 19.
(pdftex.def)             Requested size: 592.46367pt x 795.92635pt.
File: rach-16-04.pdf Graphic file (type pdf)
<use rach-16-04.pdf, page 3>
Package pdftex.def Info: rach-16-04.pdf , page3 used on input line 19.
(pdftex.def)             Requested size: 592.46367pt x 795.92635pt.
 [3 <./rach-16-04.pdf>]
File: rach-16-04.pdf Graphic file (type pdf)
<use rach-16-04.pdf>
Package pdftex.def Info: rach-16-04.pdf  used on input line 23.
(pdftex.def)             Requested size: 591.75035pt x 794.96806pt.
File: rach-16-04.pdf Graphic file (type pdf)
<use rach-16-04.pdf>
Package pdftex.def Info: rach-16-04.pdf  used on input line 23.
(pdftex.def)             Requested size: 591.75035pt x 794.96806pt.
<rach-16-04.pdf, id=34, page=4, 591.7518pt x 794.97pt>
File: rach-16-04.pdf Graphic file (type pdf)
<use rach-16-04.pdf, page 4>
Package pdftex.def Info: rach-16-04.pdf , page4 used on input line 23.
(pdftex.def)             Requested size: 591.75035pt x 794.96806pt.
File: rach-16-04.pdf Graphic file (type pdf)
<use rach-16-04.pdf, page 4>
Package pdftex.def Info: rach-16-04.pdf , page4 used on input line 23.
(pdftex.def)             Requested size: 592.46367pt x 795.92635pt.
File: rach-16-04.pdf Graphic file (type pdf)
<use rach-16-04.pdf, page 4>
Package pdftex.def Info: rach-16-04.pdf , page4 used on input line 23.
(pdftex.def)             Requested size: 592.46367pt x 795.92635pt.
File: rach-16-04.pdf Graphic file (type pdf)
<use rach-16-04.pdf, page 4>
Package pdftex.def Info: rach-16-04.pdf , page4 used on input line 23.
(pdftex.def)             Requested size: 592.46367pt x 795.92635pt.
File: rach-16-04.pdf Graphic file (type pdf)
<use rach-16-04.pdf, page 4>
Package pdftex.def Info: rach-16-04.pdf , page4 used on input line 23.
(pdftex.def)             Requested size: 592.46367pt x 795.92635pt.
 [4 <./rach-16-04.pdf>]
File: rach-16-04.pdf Graphic file (type pdf)
<use rach-16-04.pdf>
Package pdftex.def Info: rach-16-04.pdf  used on input line 27.
(pdftex.def)             Requested size: 591.75035pt x 794.96806pt.
File: rach-16-04.pdf Graphic file (type pdf)
<use rach-16-04.pdf>
Package pdftex.def Info: rach-16-04.pdf  used on input line 27.
(pdftex.def)             Requested size: 591.75035pt x 794.96806pt.
<rach-16-04.pdf, id=42, page=5, 591.7518pt x 794.97pt>
File: rach-16-04.pdf Graphic file (type pdf)
<use rach-16-04.pdf, page 5>
Package pdftex.def Info: rach-16-04.pdf , page5 used on input line 27.
(pdftex.def)             Requested size: 591.75035pt x 794.96806pt.
File: rach-16-04.pdf Graphic file (type pdf)
<use rach-16-04.pdf, page 5>
Package pdftex.def Info: rach-16-04.pdf , page5 used on input line 27.
(pdftex.def)             Requested size: 592.46367pt x 795.92635pt.
File: rach-16-04.pdf Graphic file (type pdf)
<use rach-16-04.pdf, page 5>
Package pdftex.def Info: rach-16-04.pdf , page5 used on input line 27.
(pdftex.def)             Requested size: 592.46367pt x 795.92635pt.
File: rach-16-04.pdf Graphic file (type pdf)
<use rach-16-04.pdf, page 5>
Package pdftex.def Info: rach-16-04.pdf , page5 used on input line 27.
(pdftex.def)             Requested size: 592.46367pt x 795.92635pt.
File: rach-16-04.pdf Graphic file (type pdf)
<use rach-16-04.pdf, page 5>
Package pdftex.def Info: rach-16-04.pdf , page5 used on input line 27.
(pdftex.def)             Requested size: 592.46367pt x 795.92635pt.
 [5 <./rach-16-04.pdf>]
File: rach-16-04.pdf Graphic file (type pdf)
<use rach-16-04.pdf>
Package pdftex.def Info: rach-16-04.pdf  used on input line 31.
(pdftex.def)             Requested size: 591.75035pt x 794.96806pt.
File: rach-16-04.pdf Graphic file (type pdf)
<use rach-16-04.pdf>
Package pdftex.def Info: rach-16-04.pdf  used on input line 31.
(pdftex.def)             Requested size: 591.75035pt x 794.96806pt.
<rach-16-04.pdf, id=50, page=6, 591.7518pt x 794.97pt>
File: rach-16-04.pdf Graphic file (type pdf)
<use rach-16-04.pdf, page 6>
Package pdftex.def Info: rach-16-04.pdf , page6 used on input line 31.
(pdftex.def)             Requested size: 591.75035pt x 794.96806pt.
File: rach-16-04.pdf Graphic file (type pdf)
<use rach-16-04.pdf, page 6>
Package pdftex.def Info: rach-16-04.pdf , page6 used on input line 31.
(pdftex.def)             Requested size: 592.46367pt x 795.92635pt.
File: rach-16-04.pdf Graphic file (type pdf)
<use rach-16-04.pdf, page 6>
Package pdftex.def Info: rach-16-04.pdf , page6 used on input line 31.
(pdftex.def)             Requested size: 592.46367pt x 795.92635pt.
File: rach-16-04.pdf Graphic file (type pdf)
<use rach-16-04.pdf, page 6>
Package pdftex.def Info: rach-16-04.pdf , page6 used on input line 31.
(pdftex.def)             Requested size: 592.46367pt x 795.92635pt.
File: rach-16-04.pdf Graphic file (type pdf)
<use rach-16-04.pdf, page 6>
Package pdftex.def Info: rach-16-04.pdf , page6 used on input line 31.
(pdftex.def)             Requested size: 592.46367pt x 795.92635pt.
 [6 <./rach-16-04.pdf>]
File: rach-16-04.pdf Graphic file (type pdf)
<use rach-16-04.pdf>
Package pdftex.def Info: rach-16-04.pdf  used on input line 35.
(pdftex.def)             Requested size: 591.75035pt x 794.96806pt.
File: rach-16-04.pdf Graphic file (type pdf)
<use rach-16-04.pdf>
Package pdftex.def Info: rach-16-04.pdf  used on input line 35.
(pdftex.def)             Requested size: 591.75035pt x 794.96806pt.
<rach-16-04.pdf, id=58, page=7, 591.7518pt x 794.97pt>
File: rach-16-04.pdf Graphic file (type pdf)
<use rach-16-04.pdf, page 7>
Package pdftex.def Info: rach-16-04.pdf , page7 used on input line 35.
(pdftex.def)             Requested size: 591.75035pt x 794.96806pt.
File: rach-16-04.pdf Graphic file (type pdf)
<use rach-16-04.pdf, page 7>
Package pdftex.def Info: rach-16-04.pdf , page7 used on input line 35.
(pdftex.def)             Requested size: 592.46367pt x 795.92635pt.
File: rach-16-04.pdf Graphic file (type pdf)
<use rach-16-04.pdf, page 7>
Package pdftex.def Info: rach-16-04.pdf , page7 used on input line 35.
(pdftex.def)             Requested size: 592.46367pt x 795.92635pt.
File: rach-16-04.pdf Graphic file (type pdf)
<use rach-16-04.pdf, page 7>
Package pdftex.def Info: rach-16-04.pdf , page7 used on input line 35.
(pdftex.def)             Requested size: 592.46367pt x 795.92635pt.
File: rach-16-04.pdf Graphic file (type pdf)
<use rach-16-04.pdf, page 7>
Package pdftex.def Info: rach-16-04.pdf , page7 used on input line 35.
(pdftex.def)             Requested size: 592.46367pt x 795.92635pt.
 [7 <./rach-16-04.pdf>] (./tmp.aux) ) 
Here is how much of TeX's memory you used:
 12524 strings out of 494553
 253258 string characters out of 6177318
 287318 words of memory out of 5000000
 15963 multiletter control sequences out of 15000+600000
 3640 words of font info for 14 fonts, out of 8000000 for 9000
 14 hyphenation exceptions out of 8191
 55i,18n,48p,405b,698s stack positions out of 5000i,500n,10000p,200000b,80000s
</usr/share/texlive/texmf-dist/fonts/type1
/public/amsfonts/cm/cmr10.pfb>
Output written on tmp.pdf (7 pages, 767432 bytes).
PDF statistics:
 71 PDF objects out of 1000 (max. 8388607)
 31 compressed objects within 1 object stream
 0 named destinations out of 1000 (max. 500000)
 123 words of extra memory for PDF output out of 10000 (max. 10000000)

